c:\gog games\quake2 (2)\quake2\debug\ref_gl.bsc
c:\gog games\quake2 (2)\quake2\ref_gl\debug\vc120.pdb
c:\gog games\quake2 (2)\quake2\ref_gl\debug\vc120.idb
c:\gog games\quake2 (2)\quake2\ref_gl\debug\qgl_win.sbr
c:\gog games\quake2 (2)\quake2\ref_gl\debug\q_shwin.sbr
c:\gog games\quake2 (2)\quake2\ref_gl\debug\q_shared.sbr
c:\gog games\quake2 (2)\quake2\ref_gl\debug\glw_imp.sbr
c:\gog games\quake2 (2)\quake2\ref_gl\debug\gl_warp.sbr
c:\gog games\quake2 (2)\quake2\ref_gl\debug\gl_rsurf.sbr
c:\gog games\quake2 (2)\quake2\ref_gl\debug\gl_rmisc.sbr
c:\gog games\quake2 (2)\quake2\ref_gl\debug\gl_rmain.sbr
c:\gog games\quake2 (2)\quake2\ref_gl\debug\gl_model.sbr
c:\gog games\quake2 (2)\quake2\ref_gl\debug\gl_mesh.sbr
c:\gog games\quake2 (2)\quake2\ref_gl\debug\gl_light.sbr
c:\gog games\quake2 (2)\quake2\ref_gl\debug\gl_image.sbr
c:\gog games\quake2 (2)\quake2\ref_gl\debug\gl_draw.sbr
c:\gog games\quake2 (2)\quake2\ref_gl\debug\gl_draw.obj
c:\gog games\quake2 (2)\quake2\ref_gl\debug\gl_image.obj
c:\gog games\quake2 (2)\quake2\ref_gl\debug\gl_light.obj
c:\gog games\quake2 (2)\quake2\ref_gl\debug\gl_mesh.obj
c:\gog games\quake2 (2)\quake2\ref_gl\debug\gl_model.obj
c:\gog games\quake2 (2)\quake2\ref_gl\debug\gl_rmain.obj
c:\gog games\quake2 (2)\quake2\ref_gl\debug\gl_rmisc.obj
c:\gog games\quake2 (2)\quake2\ref_gl\debug\gl_rsurf.obj
c:\gog games\quake2 (2)\quake2\ref_gl\debug\gl_warp.obj
c:\gog games\quake2 (2)\quake2\ref_gl\debug\glw_imp.obj
c:\gog games\quake2 (2)\quake2\ref_gl\debug\q_shared.obj
c:\gog games\quake2 (2)\quake2\ref_gl\debug\q_shwin.obj
c:\gog games\quake2 (2)\quake2\ref_gl\debug\qgl_win.obj
c:\gog games\quake2 (2)\quake2\debug\ref_gl.dll
c:\gog games\quake2 (2)\quake2\debug\ref_gl.pdb
c:\gog games\quake2 (2)\quake2\debug\ref_gl.lib
c:\gog games\quake2 (2)\quake2\debug\ref_gl.exp
c:\gog games\quake2 (2)\quake2\ref_gl\.\..\debug\ref_gl.dll
c:\gog games\quake2 (2)\quake2\ref_gl\debug\ref_gl.tlog\bscmake.command.1.tlog
c:\gog games\quake2 (2)\quake2\ref_gl\debug\ref_gl.tlog\bscmake.read.1.tlog
c:\gog games\quake2 (2)\quake2\ref_gl\debug\ref_gl.tlog\bscmake.write.1.tlog
c:\gog games\quake2 (2)\quake2\ref_gl\debug\ref_gl.tlog\cl.command.1.tlog
c:\gog games\quake2 (2)\quake2\ref_gl\debug\ref_gl.tlog\cl.read.1.tlog
c:\gog games\quake2 (2)\quake2\ref_gl\debug\ref_gl.tlog\cl.write.1.tlog
c:\gog games\quake2 (2)\quake2\ref_gl\debug\ref_gl.tlog\link.command.1.tlog
c:\gog games\quake2 (2)\quake2\ref_gl\debug\ref_gl.tlog\link.read.1.tlog
c:\gog games\quake2 (2)\quake2\ref_gl\debug\ref_gl.tlog\link.write.1.tlog
c:\gog games\quake2 (2)\quake2\ref_gl\debug\ref_gl.tlog\ref_gl.write.1u.tlog
